<?xml version="1.0" encoding="UTF-8"?>
<!-- Generated by org.testng.reporters.JUnitReportReporter -->
<testsuite skipped="0" hostname="Suji" name="sujithaacademy.AppiumTest" tests="2" failures="0" timestamp="15 Feb 2019 07:28:49 GMT" time="0.001" errors="0">
  <testcase name="Atest" time="0.001" classname="sujithaacademy.AppiumTest"/>
  <testcase name="Atest1" time="0.000" classname="sujithaacademy.AppiumTest"/>
</testsuite> <!-- sujithaacademy.AppiumTest -->
