<?xml version="1.0" encoding="UTF-8"?>
<!-- Generated by org.testng.reporters.JUnitReportReporter -->
<testsuite skipped="0" hostname="Suji" name="sujithaacademy.RestTest" tests="2" failures="0" timestamp="15 Feb 2019 07:28:49 GMT" time="0.032" errors="0">
  <testcase name="Rtest1" time="0.007" classname="sujithaacademy.RestTest"/>
  <testcase name="Rtest" time="0.025" classname="sujithaacademy.RestTest"/>
</testsuite> <!-- sujithaacademy.RestTest -->
