<?xml version="1.0" encoding="UTF-8"?>
<!-- Generated by org.testng.reporters.JUnitReportReporter -->
<testsuite skipped="0" hostname="Suji" name="sujithaacademy.SeleniumTest" tests="2" failures="0" timestamp="15 Feb 2019 07:28:49 GMT" time="0.003" errors="0">
  <testcase name="Stest1" time="0.002" classname="sujithaacademy.SeleniumTest"/>
  <testcase name="Stest" time="0.001" classname="sujithaacademy.SeleniumTest"/>
</testsuite> <!-- sujithaacademy.SeleniumTest -->
